<?xml version="1.0" encoding="UTF-8" ?>
<testsuite failures="0" time="3.822" errors="0" skipped="0" tests="1" name="org.mule.transport.bos.functional.HelloWorldTutorialV3TestCase">
  <properties>
    <property name="java.runtime.name" value="Java(TM) SE Runtime Environment"/>
    <property name="org.ow2.bonita.environment" value="src/test/resources/bonita/bonita-environment.xml"/>
    <property name="sun.boot.library.path" value="/System/Library/Frameworks/JavaVM.framework/Versions/1.6.0/Libraries"/>
    <property name="java.vm.version" value="16.3-b01-279"/>
    <property name="awt.nativeDoubleBuffering" value="true"/>
    <property name="gopherProxySet" value="false"/>
    <property name="mrj.build" value="10M3065"/>
    <property name="java.vm.vendor" value="Apple Inc."/>
    <property name="java.vendor.url" value="http://www.apple.com/"/>
    <property name="path.separator" value=":"/>
    <property name="java.vm.name" value="Java HotSpot(TM) 64-Bit Server VM"/>
    <property name="file.encoding.pkg" value="sun.io"/>
    <property name="user.country" value="US"/>
    <property name="sun.java.launcher" value="SUN_STANDARD"/>
    <property name="sun.os.patch.level" value="unknown"/>
    <property name="java.vm.specification.name" value="Java Virtual Machine Specification"/>
    <property name="user.dir" value="/Users/stephenfenech/work/ricston/other_svn/bos-transport-trunk"/>
    <property name="java.runtime.version" value="1.6.0_20-b02-279-10M3065"/>
    <property name="java.awt.graphicsenv" value="apple.awt.CGraphicsEnvironment"/>
    <property name="basedir" value="/Users/stephenfenech/work/ricston/other_svn/bos-transport-trunk"/>
    <property name="java.endorsed.dirs" value="/System/Library/Frameworks/JavaVM.framework/Versions/1.6.0/Home/lib/endorsed"/>
    <property name="os.arch" value="x86_64"/>
    <property name="surefire.real.class.path" value="/var/folders/Qz/QzWKmK0WGIiUZvd2TxwPA++++TI/-Tmp-/surefirebooter7707816292168266638.jar"/>
    <property name="java.io.tmpdir" value="/var/folders/Qz/QzWKmK0WGIiUZvd2TxwPA++++TI/-Tmp-/"/>
    <property name="line.separator" value="
"/>
    <property name="java.vm.specification.vendor" value="Sun Microsystems Inc."/>
    <property name="org.ow2.bonita.api-type" value="Standard"/>
    <property name="os.name" value="Mac OS X"/>
    <property name="sun.jnu.encoding" value="MacRoman"/>
    <property name="java.library.path" value=".:/Library/Java/Extensions:/System/Library/Java/Extensions:/usr/lib/java"/>
    <property name="surefire.test.class.path" value="/Users/stephenfenech/work/ricston/other_svn/bos-transport-trunk/target/test-classes:/Users/stephenfenech/work/ricston/other_svn/bos-transport-trunk/target/classes:/Users/stephenfenech/.m2/repository/org/ow2/bonita/bonita-server/5.2.2/bonita-server-5.2.2.jar:/Users/stephenfenech/.m2/repository/org/ow2/util/asm/asm/3.1/asm-3.1.jar:/Users/stephenfenech/.m2/repository/com/thoughtworks/xstream/xstream/1.2.2/xstream-1.2.2.jar:/Users/stephenfenech/.m2/repository/xpp3/xpp3_min/1.1.3.4.O/xpp3_min-1.1.3.4.O.jar:/Users/stephenfenech/.m2/repository/org/codehaus/groovy/groovy-all/1.7.0/groovy-all-1.7.0.jar:/Users/stephenfenech/.m2/repository/jline/jline/0.9.94/jline-0.9.94.jar:/Users/stephenfenech/.m2/repository/org/hibernate/hibernate/3.2.6.ga/hibernate-3.2.6.ga.jar:/Users/stephenfenech/.m2/repository/net/sf/ehcache/ehcache/1.2.3/ehcache-1.2.3.jar:/Users/stephenfenech/.m2/repository/commons-logging/commons-logging/1.0.4/commons-logging-1.0.4.jar:/Users/stephenfenech/.m2/repository/javax/transaction/jta/1.0.1B/jta-1.0.1B.jar:/Users/stephenfenech/.m2/repository/asm/asm-attrs/1.5.3/asm-attrs-1.5.3.jar:/Users/stephenfenech/.m2/repository/dom4j/dom4j/1.6.1/dom4j-1.6.1.jar:/Users/stephenfenech/.m2/repository/antlr/antlr/2.7.6/antlr-2.7.6.jar:/Users/stephenfenech/.m2/repository/asm/asm/1.5.3/asm-1.5.3.jar:/Users/stephenfenech/.m2/repository/com/h2database/h2/1.2.132/h2-1.2.132.jar:/Users/stephenfenech/.m2/repository/cglib/cglib-nodep/2.1_3/cglib-nodep-2.1_3.jar:/Users/stephenfenech/.m2/repository/com/ricston/bonitasoft/connectors/bos-mule-connector/5.2.2/bos-mule-connector-5.2.2.jar:/Users/stephenfenech/.m2/repository/ant-contrib/ant-contrib/1.0b3/ant-contrib-1.0b3.jar:/Users/stephenfenech/.m2/repository/ant/ant/1.5/ant-1.5.jar:/Users/stephenfenech/.m2/repository/org/mule/mule-core/2.2.1/mule-core-2.2.1.jar:/Users/stephenfenech/.m2/repository/commons-beanutils/commons-beanutils/1.7.0-osgi/commons-beanutils-1.7.0-osgi.jar:/Users/stephenfenech/.m2/repository/org/safehaus/jug/jug/2.0.0-osgi/jug-2.0.0-osgi-asl.jar:/Users/stephenfenech/.m2/repository/backport-util-concurrent/backport-util-concurrent/3.1-osgi/backport-util-concurrent-3.1-osgi.jar:/Users/stephenfenech/.m2/repository/commons-cli/commons-cli/1.0-osgi/commons-cli-1.0-osgi.jar:/Users/stephenfenech/.m2/repository/commons-collections/commons-collections/3.2-osgi/commons-collections-3.2-osgi.jar:/Users/stephenfenech/.m2/repository/commons-io/commons-io/1.3.1-osgi/commons-io-1.3.1-osgi.jar:/Users/stephenfenech/.m2/repository/commons-lang/commons-lang/2.4-osgi/commons-lang-2.4-osgi.jar:/Users/stephenfenech/.m2/repository/commons-pool/commons-pool/1.4/commons-pool-1.4.jar:/Users/stephenfenech/.m2/repository/javax/activation/activation/1.1-osgi/activation-1.1-osgi.jar:/Users/stephenfenech/.m2/repository/org/apache/geronimo/specs/geronimo-jta_1.0.1B_spec/1.1-osgi/geronimo-jta_1.0.1B_spec-1.1-osgi.jar:/Users/stephenfenech/.m2/repository/org/apache/geronimo/specs/geronimo-j2ee-connector_1.5_spec/1.1-osgi/geronimo-j2ee-connector_1.5_spec-1.1-osgi.jar:/Users/stephenfenech/.m2/repository/org/slf4j/jcl104-over-slf4j/1.5.0/jcl104-over-slf4j-1.5.0.jar:/Users/stephenfenech/.m2/repository/org/slf4j/slf4j-api/1.5.0/slf4j-api-1.5.0.jar:/Users/stephenfenech/.m2/repository/org/slf4j/slf4j-log4j12/1.5.0/slf4j-log4j12-1.5.0.jar:/Users/stephenfenech/.m2/repository/log4j/log4j/1.2.14/log4j-1.2.14.jar:/Users/stephenfenech/.m2/repository/org/mule/modules/mule-module-spring-config/2.2.1/mule-module-spring-config-2.2.1.jar:/Users/stephenfenech/.m2/repository/org/springframework/spring-context/2.5.6/spring-context-2.5.6.jar:/Users/stephenfenech/.m2/repository/org/springframework/spring-beans/2.5.6/spring-beans-2.5.6.jar:/Users/stephenfenech/.m2/repository/org/springframework/spring-core/2.5.6/spring-core-2.5.6.jar:/Users/stephenfenech/.m2/repository/jaxen/jaxen/1.1.1/jaxen-1.1.1.jar:/Users/stephenfenech/.m2/repository/jdom/jdom/1.0/jdom-1.0.jar:/Users/stephenfenech/.m2/repository/org/mule/transports/mule-transport-vm/2.2.1/mule-transport-vm-2.2.1.jar:/Users/stephenfenech/.m2/repository/org/mule/modules/mule-module-xml/2.2.1/mule-module-xml-2.2.1.jar:/Users/stephenfenech/.m2/repository/org/apache/geronimo/specs/geronimo-stax-api_1.0_spec/1.0.1/geronimo-stax-api_1.0_spec-1.0.1.jar:/Users/stephenfenech/.m2/repository/commons-jxpath/commons-jxpath/1.3-osgi/commons-jxpath-1.3-osgi.jar:/Users/stephenfenech/.m2/repository/org/codehaus/woodstox/wstx-asl/3.2.6-osgi/wstx-asl-3.2.6-osgi.jar:/Users/stephenfenech/.m2/repository/net/java/dev/stax-utils/stax-utils/20080702-osgi/stax-utils-20080702-osgi.jar:/Users/stephenfenech/.m2/repository/net/sf/saxon/saxon/8.9.0.4-osgi/saxon-8.9.0.4-osgi.jar:/Users/stephenfenech/.m2/repository/net/sf/saxon/saxon-dom/8.9.0.4-osgi/saxon-dom-8.9.0.4-osgi.jar:/Users/stephenfenech/.m2/repository/org/mule/transports/mule-transport-bpm/2.2.1/mule-transport-bpm-2.2.1.jar:/Users/stephenfenech/.m2/repository/org/mule/modules/mule-module-client/2.2.1/mule-module-client-2.2.1.jar:/Users/stephenfenech/.m2/repository/org/mule/transports/mule-transport-jms/2.2.1/mule-transport-jms-2.2.1.jar:/Users/stephenfenech/.m2/repository/org/apache/geronimo/specs/geronimo-jms_1.1_spec/1.1-osgi/geronimo-jms_1.1_spec-1.1-osgi.jar:/Users/stephenfenech/.m2/repository/org/apache/geronimo/specs/geronimo-j2ee-management_1.0_spec/1.1-osgi/geronimo-j2ee-management_1.0_spec-1.1-osgi.jar:/Users/stephenfenech/.m2/repository/org/mule/tests/mule-tests-functional/2.2.1/mule-tests-functional-2.2.1.jar:/Users/stephenfenech/.m2/repository/junit/junit/3.8.2/junit-3.8.2.jar:/Users/stephenfenech/.m2/repository/org/mule/mule-core/2.2.1/mule-core-2.2.1-tests.jar:/Users/stephenfenech/.m2/repository/mockobjects/mockobjects-core/0.09/mockobjects-core-0.09.jar:/Users/stephenfenech/.m2/repository/org/apache/activemq/activemq-core/4.1.2/activemq-core-4.1.2.jar:/Users/stephenfenech/.m2/repository/org/apache/activemq/activeio-core/3.0.1/activeio-core-3.0.1.jar:/Users/stephenfenech/.m2/repository/org/apache/derby/derby/10.3.1.4/derby-10.3.1.4.jar:"/>
    <property name="java.specification.name" value="Java Platform API Specification"/>
    <property name="java.class.version" value="50.0"/>
    <property name="sun.management.compiler" value="HotSpot 64-Bit Server Compiler"/>
    <property name="os.version" value="10.6.4"/>
    <property name="http.nonProxyHosts" value="local|*.local|169.254/16|*.169.254/16"/>
    <property name="user.home" value="/Users/stephenfenech"/>
    <property name="user.timezone" value="America/Chicago"/>
    <property name="java.awt.printerjob" value="apple.awt.CPrinterJob"/>
    <property name="java.specification.version" value="1.6"/>
    <property name="file.encoding" value="MacRoman"/>
    <property name="user.name" value="stephenfenech"/>
    <property name="java.class.path" value="/Users/stephenfenech/work/ricston/other_svn/bos-transport-trunk/target/test-classes:/Users/stephenfenech/work/ricston/other_svn/bos-transport-trunk/target/classes:/Users/stephenfenech/.m2/repository/org/ow2/bonita/bonita-server/5.2.2/bonita-server-5.2.2.jar:/Users/stephenfenech/.m2/repository/org/ow2/util/asm/asm/3.1/asm-3.1.jar:/Users/stephenfenech/.m2/repository/com/thoughtworks/xstream/xstream/1.2.2/xstream-1.2.2.jar:/Users/stephenfenech/.m2/repository/xpp3/xpp3_min/1.1.3.4.O/xpp3_min-1.1.3.4.O.jar:/Users/stephenfenech/.m2/repository/org/codehaus/groovy/groovy-all/1.7.0/groovy-all-1.7.0.jar:/Users/stephenfenech/.m2/repository/jline/jline/0.9.94/jline-0.9.94.jar:/Users/stephenfenech/.m2/repository/org/hibernate/hibernate/3.2.6.ga/hibernate-3.2.6.ga.jar:/Users/stephenfenech/.m2/repository/net/sf/ehcache/ehcache/1.2.3/ehcache-1.2.3.jar:/Users/stephenfenech/.m2/repository/commons-logging/commons-logging/1.0.4/commons-logging-1.0.4.jar:/Users/stephenfenech/.m2/repository/javax/transaction/jta/1.0.1B/jta-1.0.1B.jar:/Users/stephenfenech/.m2/repository/asm/asm-attrs/1.5.3/asm-attrs-1.5.3.jar:/Users/stephenfenech/.m2/repository/dom4j/dom4j/1.6.1/dom4j-1.6.1.jar:/Users/stephenfenech/.m2/repository/antlr/antlr/2.7.6/antlr-2.7.6.jar:/Users/stephenfenech/.m2/repository/asm/asm/1.5.3/asm-1.5.3.jar:/Users/stephenfenech/.m2/repository/com/h2database/h2/1.2.132/h2-1.2.132.jar:/Users/stephenfenech/.m2/repository/cglib/cglib-nodep/2.1_3/cglib-nodep-2.1_3.jar:/Users/stephenfenech/.m2/repository/com/ricston/bonitasoft/connectors/bos-mule-connector/5.2.2/bos-mule-connector-5.2.2.jar:/Users/stephenfenech/.m2/repository/ant-contrib/ant-contrib/1.0b3/ant-contrib-1.0b3.jar:/Users/stephenfenech/.m2/repository/ant/ant/1.5/ant-1.5.jar:/Users/stephenfenech/.m2/repository/org/mule/mule-core/2.2.1/mule-core-2.2.1.jar:/Users/stephenfenech/.m2/repository/commons-beanutils/commons-beanutils/1.7.0-osgi/commons-beanutils-1.7.0-osgi.jar:/Users/stephenfenech/.m2/repository/org/safehaus/jug/jug/2.0.0-osgi/jug-2.0.0-osgi-asl.jar:/Users/stephenfenech/.m2/repository/backport-util-concurrent/backport-util-concurrent/3.1-osgi/backport-util-concurrent-3.1-osgi.jar:/Users/stephenfenech/.m2/repository/commons-cli/commons-cli/1.0-osgi/commons-cli-1.0-osgi.jar:/Users/stephenfenech/.m2/repository/commons-collections/commons-collections/3.2-osgi/commons-collections-3.2-osgi.jar:/Users/stephenfenech/.m2/repository/commons-io/commons-io/1.3.1-osgi/commons-io-1.3.1-osgi.jar:/Users/stephenfenech/.m2/repository/commons-lang/commons-lang/2.4-osgi/commons-lang-2.4-osgi.jar:/Users/stephenfenech/.m2/repository/commons-pool/commons-pool/1.4/commons-pool-1.4.jar:/Users/stephenfenech/.m2/repository/javax/activation/activation/1.1-osgi/activation-1.1-osgi.jar:/Users/stephenfenech/.m2/repository/org/apache/geronimo/specs/geronimo-jta_1.0.1B_spec/1.1-osgi/geronimo-jta_1.0.1B_spec-1.1-osgi.jar:/Users/stephenfenech/.m2/repository/org/apache/geronimo/specs/geronimo-j2ee-connector_1.5_spec/1.1-osgi/geronimo-j2ee-connector_1.5_spec-1.1-osgi.jar:/Users/stephenfenech/.m2/repository/org/slf4j/jcl104-over-slf4j/1.5.0/jcl104-over-slf4j-1.5.0.jar:/Users/stephenfenech/.m2/repository/org/slf4j/slf4j-api/1.5.0/slf4j-api-1.5.0.jar:/Users/stephenfenech/.m2/repository/org/slf4j/slf4j-log4j12/1.5.0/slf4j-log4j12-1.5.0.jar:/Users/stephenfenech/.m2/repository/log4j/log4j/1.2.14/log4j-1.2.14.jar:/Users/stephenfenech/.m2/repository/org/mule/modules/mule-module-spring-config/2.2.1/mule-module-spring-config-2.2.1.jar:/Users/stephenfenech/.m2/repository/org/springframework/spring-context/2.5.6/spring-context-2.5.6.jar:/Users/stephenfenech/.m2/repository/org/springframework/spring-beans/2.5.6/spring-beans-2.5.6.jar:/Users/stephenfenech/.m2/repository/org/springframework/spring-core/2.5.6/spring-core-2.5.6.jar:/Users/stephenfenech/.m2/repository/jaxen/jaxen/1.1.1/jaxen-1.1.1.jar:/Users/stephenfenech/.m2/repository/jdom/jdom/1.0/jdom-1.0.jar:/Users/stephenfenech/.m2/repository/org/mule/transports/mule-transport-vm/2.2.1/mule-transport-vm-2.2.1.jar:/Users/stephenfenech/.m2/repository/org/mule/modules/mule-module-xml/2.2.1/mule-module-xml-2.2.1.jar:/Users/stephenfenech/.m2/repository/org/apache/geronimo/specs/geronimo-stax-api_1.0_spec/1.0.1/geronimo-stax-api_1.0_spec-1.0.1.jar:/Users/stephenfenech/.m2/repository/commons-jxpath/commons-jxpath/1.3-osgi/commons-jxpath-1.3-osgi.jar:/Users/stephenfenech/.m2/repository/org/codehaus/woodstox/wstx-asl/3.2.6-osgi/wstx-asl-3.2.6-osgi.jar:/Users/stephenfenech/.m2/repository/net/java/dev/stax-utils/stax-utils/20080702-osgi/stax-utils-20080702-osgi.jar:/Users/stephenfenech/.m2/repository/net/sf/saxon/saxon/8.9.0.4-osgi/saxon-8.9.0.4-osgi.jar:/Users/stephenfenech/.m2/repository/net/sf/saxon/saxon-dom/8.9.0.4-osgi/saxon-dom-8.9.0.4-osgi.jar:/Users/stephenfenech/.m2/repository/org/mule/transports/mule-transport-bpm/2.2.1/mule-transport-bpm-2.2.1.jar:/Users/stephenfenech/.m2/repository/org/mule/modules/mule-module-client/2.2.1/mule-module-client-2.2.1.jar:/Users/stephenfenech/.m2/repository/org/mule/transports/mule-transport-jms/2.2.1/mule-transport-jms-2.2.1.jar:/Users/stephenfenech/.m2/repository/org/apache/geronimo/specs/geronimo-jms_1.1_spec/1.1-osgi/geronimo-jms_1.1_spec-1.1-osgi.jar:/Users/stephenfenech/.m2/repository/org/apache/geronimo/specs/geronimo-j2ee-management_1.0_spec/1.1-osgi/geronimo-j2ee-management_1.0_spec-1.1-osgi.jar:/Users/stephenfenech/.m2/repository/org/mule/tests/mule-tests-functional/2.2.1/mule-tests-functional-2.2.1.jar:/Users/stephenfenech/.m2/repository/junit/junit/3.8.2/junit-3.8.2.jar:/Users/stephenfenech/.m2/repository/org/mule/mule-core/2.2.1/mule-core-2.2.1-tests.jar:/Users/stephenfenech/.m2/repository/mockobjects/mockobjects-core/0.09/mockobjects-core-0.09.jar:/Users/stephenfenech/.m2/repository/org/apache/activemq/activemq-core/4.1.2/activemq-core-4.1.2.jar:/Users/stephenfenech/.m2/repository/org/apache/activemq/activeio-core/3.0.1/activeio-core-3.0.1.jar:/Users/stephenfenech/.m2/repository/org/apache/derby/derby/10.3.1.4/derby-10.3.1.4.jar:"/>
    <property name="java.vm.specification.version" value="1.0"/>
    <property name="sun.arch.data.model" value="64"/>
    <property name="java.home" value="/System/Library/Frameworks/JavaVM.framework/Versions/1.6.0/Home"/>
    <property name="java.specification.vendor" value="Sun Microsystems Inc."/>
    <property name="user.language" value="en"/>
    <property name="awt.toolkit" value="apple.awt.CToolkit"/>
    <property name="java.vm.info" value="mixed mode"/>
    <property name="java.version" value="1.6.0_20"/>
    <property name="java.ext.dirs" value="/Library/Java/Extensions:/System/Library/Java/Extensions:/System/Library/Frameworks/JavaVM.framework/Versions/1.6.0/Home/lib/ext"/>
    <property name="sun.boot.class.path" value="/System/Library/Frameworks/JavaVM.framework/Versions/1.6.0/Classes/jsfd.jar:/System/Library/Frameworks/JavaVM.framework/Versions/1.6.0/Classes/classes.jar:/System/Library/Frameworks/JavaVM.framework/Frameworks/JavaRuntimeSupport.framework/Resources/Java/JavaRuntimeSupport.jar:/System/Library/Frameworks/JavaVM.framework/Versions/1.6.0/Classes/ui.jar:/System/Library/Frameworks/JavaVM.framework/Versions/1.6.0/Classes/laf.jar:/System/Library/Frameworks/JavaVM.framework/Versions/1.6.0/Classes/sunrsasign.jar:/System/Library/Frameworks/JavaVM.framework/Versions/1.6.0/Classes/jsse.jar:/System/Library/Frameworks/JavaVM.framework/Versions/1.6.0/Classes/jce.jar:/System/Library/Frameworks/JavaVM.framework/Versions/1.6.0/Classes/charsets.jar"/>
    <property name="java.vendor" value="Apple Inc."/>
    <property name="java.security.auth.login.config" value="src/test/resources/bonita/jaas-standard.cfg"/>
    <property name="localRepository" value="/Users/stephenfenech/.m2/repository"/>
    <property name="file.separator" value="/"/>
    <property name="java.vendor.url.bug" value="http://bugreport.apple.com/"/>
    <property name="sun.cpu.endian" value="little"/>
    <property name="sun.io.unicode.encoding" value="UnicodeLittle"/>
    <property name="mrj.version" value="1060.1.6.0_20-279"/>
    <property name="socksNonProxyHosts" value="local|*.local|169.254/16|*.169.254/16"/>
    <property name="ftp.nonProxyHosts" value="local|*.local|169.254/16|*.169.254/16"/>
    <property name="sun.cpu.isalist" value=""/>
  </properties>
  <testcase time="3.821" classname="org.mule.transport.bos.functional.HelloWorldTutorialV3TestCase" name=" simple "/>
</testsuite>